=============================================================================
Filelist generated by IPexpress    10/04/2011    13:50:21          
Filename: sgmii_gbe_pcs34_filelist.log                                         
Copyright(c) 2008 Lattice Semiconductor Corporation. All rights reserved.   
=============================================================================

-----------------------------------------------------------------------------
Basic IP Core Files
Output Directory: /home/greg/projects/trb3/trb3_gbe/ipcores 
-----------------------------------------------------------------------------
  sgmii_gbe_pcs34.lpc
      : IP ispLEVER LPC File
  sgmii_gbe_pcs34.ngo
      : IP ispLEVER Database File
  sgmii_gbe_pcs34_bb.v
      : IP Verilog Blackbox Module
  sgmii_gbe_pcs34_inst.v
      : IP Verilog Instantiation Template
  sgmii_gbe_pcs34_beh.v
      : IP Verilog Behaviorial Sim Model
  sgmii_gbe_pcs34_gen.log
      : IP Status Log
  sgmii_gbe_pcs34_generate.log
      : IP Generate Log

-----------------------------------------------------------------------------
Supplemental Evaluation Files:
-----------------------------------------------------------------------------
 
---------------------------------:
    COMMON TO ALL CONFIGURATIONS :
---------------------------------:
 
    Hardware Specific Models
    ../sgmii_pcs_eval/models/ecp3/pcs_serdes 
 
    Testbench
    ../sgmii_pcs_eval/testbench
 
------------------------------------------------
    SPECIFIC TO sgmii_gbe_pcs34 CONFIGURATION 
------------------------------------------------
 
    Source Files
    ../sgmii_pcs_eval/sgmii_gbe_pcs34/src/rtl/ecp3
 
    Simulation
    ../sgmii_pcs_eval/sgmii_gbe_pcs34/sim/modelsim
 
    FPGA Implementation Files
    ../sgmii_pcs_eval/sgmii_gbe_pcs34/impl

