Starting process: module

Starting process: 

SCUBA, Version Diamond_2.1_Production (100)
Tue Apr 23 14:34:09 2013

Copyright (c) 1991-1994 by NeoCAD Inc. All rights reserved.
Copyright (c) 1995 AT&T Corp.   All rights reserved.
Copyright (c) 1995-2001 Lucent Technologies Inc.  All rights reserved.
Copyright (c) 2001 Agere Systems   All rights reserved.
Copyright (c) 2002-2012 Lattice Semiconductor Corporation,  All rights reserved.

BEGIN SCUBA Module Synthesis

    Issued command   : /home/soft/lattice/diamond/2.1_x64/ispfpga/bin/lin64/scuba -w -n fifo_4kx8_ecp3 -lang vhdl -synth synplify -bus_exp 7 -bb -arch ep5c00 -type fifodc -addr_width 12 -data_width 8 -num_words 4096 -rdata_width 8 -no_enable -pe -1 -pf -1 -e 
    Circuit name     : fifo_4kx8_ecp3
    Module type      : ebfifo
    Module Version   : 5.4
    Ports            : 
	Inputs       : Data[7:0], WrClock, RdClock, WrEn, RdEn, Reset, RPReset
	Outputs      : Q[7:0], Empty, Full
    I/O buffer       : not inserted
    EDIF output      : suppressed
    VHDL output      : fifo_4kx8_ecp3.vhd
    VHDL template    : fifo_4kx8_ecp3_tmpl.vhd
    VHDL testbench   : tb_fifo_4kx8_ecp3_tmpl.vhd
    VHDL purpose     : for synthesis and simulation
    Bus notation     : big endian
    Report output    : fifo_4kx8_ecp3.srp
    Estimated Resource Usage:
            LUT : 129
            EBR : 2
            Reg : 132

END   SCUBA Module Synthesis

File: fifo_4kx8_ecp3.lpc created.


End process: completed successfully.


Total Warnings:  0

Total Errors:  0


