Starting process: module

Starting process: 

SCUBA, Version Diamond_1.3_Production (92)
Thu Sep 22 11:23:58 2011

Copyright (c) 1991-1994 by NeoCAD Inc. All rights reserved.
Copyright (c) 1995 AT&T Corp.   All rights reserved.
Copyright (c) 1995-2001 Lucent Technologies Inc.  All rights reserved.
Copyright (c) 2001 Agere Systems   All rights reserved.
Copyright (c) 2002-2011 Lattice Semiconductor Corporation,  All rights reserved.

BEGIN SCUBA Module Synthesis

    Issued command   : /opt/lattice/diamond/1.3/ispfpga/bin/lin/scuba -w -n fifo_2048x8 -lang vhdl -synth synplify -bus_exp 7 -bb -arch ep5c00 -type fifodc -addr_width 11 -data_width 8 -num_words 2048 -rdata_width 8 -no_enable -pe -1 -pf -1 -e 
    Circuit name     : fifo_2048x8
    Module type      : ebfifo
    Module Version   : 5.4
    Ports            : 
	Inputs       : Data[7:0], WrClock, RdClock, WrEn, RdEn, Reset, RPReset
	Outputs      : Q[7:0], Empty, Full
    I/O buffer       : not inserted
    EDIF output      : suppressed
    VHDL output      : fifo_2048x8.vhd
    VHDL template    : fifo_2048x8_tmpl.vhd
    VHDL testbench   : tb_fifo_2048x8_tmpl.vhd
    VHDL purpose     : for synthesis and simulation
    Bus notation     : big endian
    Report output    : fifo_2048x8.srp
    Estimated Resource Usage:
            LUT : 117
            EBR : 1
            Reg : 122

END   SCUBA Module Synthesis

File: fifo_2048x8.lpc created.


End process: completed successfully.


Total Warnings:  0

Total Errors:  0


