Starting process: module

Starting process: 

SCUBA, Version Diamond_1.3_Production (92)
Thu Sep 22 11:22:54 2011

Copyright (c) 1991-1994 by NeoCAD Inc. All rights reserved.
Copyright (c) 1995 AT&T Corp.   All rights reserved.
Copyright (c) 1995-2001 Lucent Technologies Inc.  All rights reserved.
Copyright (c) 2001 Agere Systems   All rights reserved.
Copyright (c) 2002-2011 Lattice Semiconductor Corporation,  All rights reserved.

BEGIN SCUBA Module Synthesis

    Issued command   : /opt/lattice/diamond/1.3/ispfpga/bin/lin/scuba -w -n fifo_32kx16x8_mb2 -lang vhdl -synth synplify -bus_exp 7 -bb -arch ep5c00 -type fifodc -addr_width 15 -data_width 18 -num_words 32768 -rdata_width 9 -no_enable -pe 0 -pf 0 -rfill -fill -e 
    Circuit name     : fifo_32kx16x8_mb2
    Module type      : ebfifo
    Module Version   : 5.4
    Ports            : 
	Inputs       : Data[17:0], WrClock, RdClock, WrEn, RdEn, Reset, RPReset, AmEmptyThresh[15:0], AmFullThresh[14:0]
	Outputs      : Q[8:0], WCNT[15:0], RCNT[16:0], Empty, Full, AlmostEmpty, AlmostFull
    I/O buffer       : not inserted
    EDIF output      : suppressed
    VHDL output      : fifo_32kx16x8_mb2.vhd
    VHDL template    : fifo_32kx16x8_mb2_tmpl.vhd
    VHDL testbench   : tb_fifo_32kx16x8_mb2_tmpl.vhd
    VHDL purpose     : for synthesis and simulation
    Bus notation     : big endian
    Report output    : fifo_32kx16x8_mb2.srp
    Estimated Resource Usage:
            LUT : 491
            EBR : 32
            Reg : 240

END   SCUBA Module Synthesis

File: fifo_32kx16x8_mb2.lpc created.


End process: completed successfully.


Total Warnings:  0

Total Errors:  0


