Starting process: IPCFG

GenerateCore within package Core_Generate 1.0.0 in file LatticeIP_generate.tcl
Starting process: '"/opt/lattice/diamond/1.4.2.105/bin/lin/synpwrap" -rem -e tsmac35 -target lattice-ecp3'

Warning: You are running on an unsupported platform 
End process: completed successfully.

Starting process: '"/opt/lattice/diamond/1.4.2.105/bin/lin/../../ispfpga/bin/lin/edif2ngd" -ip "/home/greg/trispeed_mac_v3.5/lib/../.." -ic trispeed_mac_v3.5 -l LatticeECP3 -nopropwarn "tsmac35.edi" "tsmac35.ngo"'
edif2ngd:  version Diamond_1.4_Production (87)
Copyright (c) 1991-1994 by NeoCAD Inc. All rights reserved.
     Copyright (c) 1995 AT&T Corp.   All rights reserved.
     Copyright (c) 1995-2001 Lucent Technologies Inc.  All rights reserved.
     Copyright (c) 2001 Agere Systems   All rights reserved.
     Copyright (c) 2002-2011 Lattice Semiconductor Corporation,  All rights reserved.
No device specified. Will use default.
Writing the design to tsmac35.ngo...
Generating edif netlist for IP cell pmi_ram_dpEbnonessdn96649664.edn
SCUBA, Version Diamond_1.4_Production (87)
Tue Jun 19 09:58:39 2012

Copyright (c) 1991-1994 by NeoCAD Inc. All rights reserved.
Copyright (c) 1995 AT&T Corp.   All rights reserved.
Copyright (c) 1995-2001 Lucent Technologies Inc.  All rights reserved.
Copyright (c) 2001 Agere Systems   All rights reserved.
Copyright (c) 2002-2011 Lattice Semiconductor Corporation,  All rights reserved.

BEGIN SCUBA Module Synthesis

    Issued command   : /opt/lattice/diamond/1.4.2.105/ispfpga/bin/lin/scuba -w -bus_exp 7 -bb -arch ep5c00 -type bram -wp 10 -rp 0011 -data_width 9 -num_rows 64 -rdata_width 9 -gsr DISABLED -sync_reset -memformat bin -cascade -1 -n pmi_ram_dpEbnonessdn96649664 -pmi 
    Circuit name     : pmi_ram_dpEbnonessdn96649664
    Module type      : RAM_DP
    Module Version   : 6.1
    Ports            : 
	Inputs       : WrAddress[5:0], RdAddress[5:0], Data[8:0], WE, RdClock, RdClockEn, Reset, WrClock, WrClockEn
	Outputs      : Q[8:0]
    I/O buffer       : not inserted
    EDIF output      : pmi_ram_dpEbnonessdn96649664.edn
    Bus notation     : big endian
    Report output    : pmi_ram_dpEbnonessdn96649664.srp
    Estimated Resource Usage:
            EBR : 1

END   SCUBA Module Synthesis
Writing the design to pmi_ram_dpEbnonessdn96649664.ngo...
Generating edif netlist for IP cell pmi_ram_dpEbnonessdn208256208256.edn
SCUBA, Version Diamond_1.4_Production (87)
Tue Jun 19 09:58:40 2012

Copyright (c) 1991-1994 by NeoCAD Inc. All rights reserved.
Copyright (c) 1995 AT&T Corp.   All rights reserved.
Copyright (c) 1995-2001 Lucent Technologies Inc.  All rights reserved.
Copyright (c) 2001 Agere Systems   All rights reserved.
Copyright (c) 2002-2011 Lattice Semiconductor Corporation,  All rights reserved.

BEGIN SCUBA Module Synthesis

    Issued command   : /opt/lattice/diamond/1.4.2.105/ispfpga/bin/lin/scuba -w -bus_exp 7 -bb -arch ep5c00 -type bram -wp 10 -rp 0011 -data_width 20 -num_rows 256 -rdata_width 20 -gsr DISABLED -sync_reset -memformat bin -cascade -1 -n pmi_ram_dpEbnonessdn208256208256 -pmi 
    Circuit name     : pmi_ram_dpEbnonessdn208256208256
    Module type      : RAM_DP
    Module Version   : 6.1
    Ports            : 
	Inputs       : WrAddress[7:0], RdAddress[7:0], Data[19:0], WE, RdClock, RdClockEn, Reset, WrClock, WrClockEn
	Outputs      : Q[19:0]
    I/O buffer       : not inserted
    EDIF output      : pmi_ram_dpEbnonessdn208256208256.edn
    Bus notation     : big endian
    Report output    : pmi_ram_dpEbnonessdn208256208256.srp
    Estimated Resource Usage:
            EBR : 1

END   SCUBA Module Synthesis
Writing the design to pmi_ram_dpEbnonessdn208256208256.ngo...
End process: completed successfully.

=============================================================================
Filelist generated by IPexpress    06/19/2012    09:58:40          
Filename: tsmac35_filelist.log                                         
Copyright(c) 2008 Lattice Semiconductor Corporation. All rights reserved.   
=============================================================================
-----------------------------------------------------------------------------
Basic IP Core Files
Output Directory: /home/greg/projects/trbnet/gbe2_ecp3/ipcores_ecp3/tsmac35 
-----------------------------------------------------------------------------
  tsmac35.lpc
      : IP ispLEVER LPC File
  tsmac35.ngo
      : IP ispLEVER Database File
  tsmac35_bb.v
      : IP Verilog Blackbox Module
  tsmac35_inst.v
      : IP Verilog Instantiation Template
  tsmac35_beh.v
      : IP Verilog Behaviorial Sim Model
  tsmac35_gen.log
      : IP Status Log
  tsmac35_generate.log
      : IP Generate Log
-----------------------------------------------------------------------------
Supplemental Implementation and Simulation Files:

Testbench files common to all Tri-Speed MAC configurations
    ../ts_mac_eval/testbench/top 
    ../ts_mac_eval/testbench/tests 

Models common to all Tri-Speed MAC configurations
    ../ts_mac_eval/models/ecp3 

Evaluation source files specific to tsmac35 configuration
    ../ts_mac_eval/tsmac35/src/rtl/top 
    ../ts_mac_eval/tsmac35/src/rtl/templates 
    ../ts_mac_eval/tsmac35/src/params 

Simulation files specific to tsmac35 configuration
    ../ts_mac_eval/tsmac35/sim/modelsim 

Implementation files specific to tsmac35 configuration
    ../ts_mac_eval/tsmac35/impl/synplify 

Total Warnings:  1


Total Errors:  0



