=============================================================================
Filelist generated by IPexpress    06/19/2012    09:58:40          
Filename: tsmac35_filelist.log                                         
Copyright(c) 2008 Lattice Semiconductor Corporation. All rights reserved.   
=============================================================================

-----------------------------------------------------------------------------
Basic IP Core Files
Output Directory: /home/greg/projects/trbnet/gbe2_ecp3/ipcores_ecp3/tsmac35 
-----------------------------------------------------------------------------
  tsmac35.lpc
      : IP ispLEVER LPC File
  tsmac35.ngo
      : IP ispLEVER Database File
  tsmac35_bb.v
      : IP Verilog Blackbox Module
  tsmac35_inst.v
      : IP Verilog Instantiation Template
  tsmac35_beh.v
      : IP Verilog Behaviorial Sim Model
  tsmac35_gen.log
      : IP Status Log
  tsmac35_generate.log
      : IP Generate Log

-----------------------------------------------------------------------------
Supplemental Implementation and Simulation Files:
 
Testbench files common to all Tri-Speed MAC configurations
    ../ts_mac_eval/testbench/top 
    ../ts_mac_eval/testbench/tests 
 
Models common to all Tri-Speed MAC configurations
    ../ts_mac_eval/models/ecp3 
 
Evaluation source files specific to tsmac35 configuration
    ../ts_mac_eval/tsmac35/src/rtl/top 
    ../ts_mac_eval/tsmac35/src/rtl/templates 
    ../ts_mac_eval/tsmac35/src/params 
 
Simulation files specific to tsmac35 configuration
    ../ts_mac_eval/tsmac35/sim/modelsim 
 
Implementation files specific to tsmac35 configuration
    ../ts_mac_eval/tsmac35/impl/synplify 

