=============================================================================
Filelist generated by IPexpress    09/21/2011    11:36:13          
Filename: tsmac34_filelist.log                                         
Copyright(c) 2008 Lattice Semiconductor Corporation. All rights reserved.   
=============================================================================

-----------------------------------------------------------------------------
Basic IP Core Files
Output Directory: /home/greg/projects/trb3/trb3_gbe/ipcores 
-----------------------------------------------------------------------------
  tsmac34.lpc
      : IP ispLEVER LPC File
  tsmac34.ngo
      : IP ispLEVER Database File
  tsmac34_bb.v
      : IP Verilog Blackbox Module
  tsmac34_inst.v
      : IP Verilog Instantiation Template
  tsmac34_beh.v
      : IP Verilog Behaviorial Sim Model
  tsmac34_gen.log
      : IP Status Log
  tsmac34_generate.log
      : IP Generate Log

-----------------------------------------------------------------------------
Supplemental Implementation and Simulation Files:
 
Testbench files common to all Tri-Speed MAC configurations
    ../ts_mac_eval/testbench/top 
    ../ts_mac_eval/testbench/tests 
 
Models common to all Tri-Speed MAC configurations
    ../ts_mac_eval/models/ecp3 
 
Evaluation source files specific to tsmac34 configuration
    ../ts_mac_eval/tsmac34/src/rtl/top 
    ../ts_mac_eval/tsmac34/src/rtl/templates 
    ../ts_mac_eval/tsmac34/src/params 
 
Simulation files specific to tsmac34 configuration
    ../ts_mac_eval/tsmac34/sim/modelsim 
 
Implementation files specific to tsmac34 configuration
    ../ts_mac_eval/tsmac34/impl/synplify 

